Using pre-set license
Built from '2021.3/release' branch; Version is '2021.3.38f1 (7a2fa5d8d101) revision 8007589'; Using compiler version '192829333'; Build Type 'Release'
OS: 'Windows 11  (10.0.22621) 64bit Professional' Language: 'es' Physical Memory: 31864 MB
BatchMode: 1, IsHumanControllingUs: 0, StartBugReporterOnCrash: 0, Is64bit: 1, IsPro: 1

COMMAND LINE ARGUMENTS:
C:\Program Files\Unity\Hub\Editor\2021.3.38f1\Editor\Unity.exe
-adb2
-batchMode
-noUpm
-name
AssetImportWorker2
-projectPath
C:/Users/campo/OneDrive - Universidad Fidélitas/V Cuatri/Videojuegos/SpaceShooter/SPACE_SHOOTER
-logFile
Logs/AssetImportWorker2.log
-srvPort
59235
Successfully changed project path to: C:/Users/campo/OneDrive - Universidad Fidélitas/V Cuatri/Videojuegos/SpaceShooter/SPACE_SHOOTER
C:/Users/campo/OneDrive - Universidad Fidélitas/V Cuatri/Videojuegos/SpaceShooter/SPACE_SHOOTER
[UnityMemory] Configuration Parameters - Can be set up in boot.config
    "memorysetup-bucket-allocator-granularity=16"
    "memorysetup-bucket-allocator-bucket-count=8"
    "memorysetup-bucket-allocator-block-size=33554432"
    "memorysetup-bucket-allocator-block-count=8"
    "memorysetup-main-allocator-block-size=16777216"
    "memorysetup-thread-allocator-block-size=16777216"
    "memorysetup-gfx-main-allocator-block-size=16777216"
    "memorysetup-gfx-thread-allocator-block-size=16777216"
    "memorysetup-cache-allocator-block-size=4194304"
    "memorysetup-typetree-allocator-block-size=2097152"
    "memorysetup-profiler-bucket-allocator-granularity=16"
    "memorysetup-profiler-bucket-allocator-bucket-count=8"
    "memorysetup-profiler-bucket-allocator-block-size=33554432"
    "memorysetup-profiler-bucket-allocator-block-count=8"
    "memorysetup-profiler-allocator-block-size=16777216"
    "memorysetup-profiler-editor-allocator-block-size=1048576"
    "memorysetup-temp-allocator-size-main=16777216"
    "memorysetup-job-temp-allocator-block-size=2097152"
    "memorysetup-job-temp-allocator-block-size-background=1048576"
    "memorysetup-job-temp-allocator-reduction-small-platforms=262144"
    "memorysetup-temp-allocator-size-background-worker=32768"
    "memorysetup-temp-allocator-size-job-worker=262144"
    "memorysetup-temp-allocator-size-preload-manager=33554432"
    "memorysetup-temp-allocator-size-nav-mesh-worker=65536"
    "memorysetup-temp-allocator-size-audio-worker=65536"
    "memorysetup-temp-allocator-size-cloud-worker=32768"
    "memorysetup-temp-allocator-size-gi-baking-worker=262144"
    "memorysetup-temp-allocator-size-gfx=262144"
Player connection [35132] Host "[IP] 192.168.0.2 [Port] 0 [Flags] 2 [Guid] 3712196337 [EditorId] 3712196337 [Version] 1048832 [Id] WindowsEditor(7,DAVID) [Debug] 1 [PackageName] WindowsEditor [ProjectName] Editor" joined multi-casting on [225.0.0.222:54997]...

Player connection [35132] Host "[IP] 192.168.0.2 [Port] 0 [Flags] 2 [Guid] 3712196337 [EditorId] 3712196337 [Version] 1048832 [Id] WindowsEditor(7,DAVID) [Debug] 1 [PackageName] WindowsEditor [ProjectName] Editor" joined alternative multi-casting on [225.0.0.222:34997]...

[Physics::Module] Initialized MultithreadedJobDispatcher with {0} workers.
Refreshing native plugins compatible for Editor in 99.19 ms, found 4 plugins.
Preloading 0 native plugins for Editor in 0.00 ms.
Initialize engine version: 2021.3.38f1 (7a2fa5d8d101)
[Subsystems] Discovering subsystems at path C:/Program Files/Unity/Hub/Editor/2021.3.38f1/Editor/Data/Resources/UnitySubsystems
[Subsystems] Discovering subsystems at path C:/Users/campo/OneDrive - Universidad Fidélitas/V Cuatri/Videojuegos/SpaceShooter/SPACE_SHOOTER/Assets
GfxDevice: creating device client; threaded=0; jobified=0
Direct3D:
    Version:  Direct3D 11.0 [level 11.1]
    Renderer: NVIDIA GeForce RTX 2060 (ID=0x1f08)
    Vendor:   NVIDIA
    VRAM:     5955 MB
    Driver:   32.0.15.5599
Initialize mono
Mono path[0] = 'C:/Program Files/Unity/Hub/Editor/2021.3.38f1/Editor/Data/Managed'
Mono path[1] = 'C:/Program Files/Unity/Hub/Editor/2021.3.38f1/Editor/Data/MonoBleedingEdge/lib/mono/unityjit-win32'
Mono config path = 'C:/Program Files/Unity/Hub/Editor/2021.3.38f1/Editor/Data/MonoBleedingEdge/etc'
Using monoOptions --debugger-agent=transport=dt_socket,embedding=1,server=y,suspend=n,address=127.0.0.1:56208
Begin MonoManager ReloadAssembly
Registering precompiled unity dll's ...
Register platform support module: C:/Program Files/Unity/Hub/Editor/2021.3.38f1/Editor/Data/PlaybackEngines/WindowsStandaloneSupport/UnityEditor.WindowsStandalone.Extensions.dll
Registered in 0.003169 seconds.
Native extension for WindowsStandalone target not found
Refreshing native plugins compatible for Editor in 65.72 ms, found 4 plugins.
Preloading 0 native plugins for Editor in 0.00 ms.
Mono: successfully reloaded assembly
- Completed reload, in  0.388 seconds
Domain Reload Profiling:
	ReloadAssembly (389ms)
		BeginReloadAssembly (56ms)
			ExecutionOrderSort (0ms)
			DisableScriptedObjects (0ms)
			BackupInstance (0ms)
			ReleaseScriptingObjects (0ms)
			CreateAndSetChildDomain (0ms)
		EndReloadAssembly (278ms)
			LoadAssemblies (54ms)
			RebuildTransferFunctionScriptingTraits (0ms)
			SetupTypeCache (61ms)
			ReleaseScriptCaches (0ms)
			RebuildScriptCaches (16ms)
			SetupLoadedEditorAssemblies (177ms)
				LogAssemblyErrors (0ms)
				InitializePlatformSupportModulesInManaged (5ms)
				SetLoadedEditorAssemblies (0ms)
				RefreshPlugins (66ms)
				BeforeProcessingInitializeOnLoad (1ms)
				ProcessInitializeOnLoadAttributes (75ms)
				ProcessInitializeOnLoadMethodAttributes (30ms)
				AfterProcessingInitializeOnLoad (0ms)
				EditorAssembliesLoaded (0ms)
			ExecutionOrderSort2 (0ms)
			AwakeInstancesAfterBackupRestoration (0ms)
Platform modules already initialized, skipping
Registering precompiled user dll's ...
Registered in 0.004677 seconds.
Begin MonoManager ReloadAssembly
Native extension for WindowsStandalone target not found
Refreshing native plugins compatible for Editor in 70.64 ms, found 4 plugins.
Preloading 0 native plugins for Editor in 0.00 ms.
Package Manager log level set to [2]
[Package Manager] Server::EnsureServerProcessIsRunning -- launch failed, reason: Unity was launched with the -noUpm command-line argument
[Package Manager] Cannot connect to Unity Package Manager local server
Mono: successfully reloaded assembly
- Completed reload, in  1.106 seconds
Domain Reload Profiling:
	ReloadAssembly (1107ms)
		BeginReloadAssembly (76ms)
			ExecutionOrderSort (0ms)
			DisableScriptedObjects (3ms)
			BackupInstance (0ms)
			ReleaseScriptingObjects (0ms)
			CreateAndSetChildDomain (13ms)
		EndReloadAssembly (967ms)
			LoadAssemblies (72ms)
			RebuildTransferFunctionScriptingTraits (0ms)
			SetupTypeCache (160ms)
			ReleaseScriptCaches (1ms)
			RebuildScriptCaches (37ms)
			SetupLoadedEditorAssemblies (685ms)
				LogAssemblyErrors (0ms)
				InitializePlatformSupportModulesInManaged (3ms)
				SetLoadedEditorAssemblies (0ms)
				RefreshPlugins (71ms)
				BeforeProcessingInitializeOnLoad (72ms)
				ProcessInitializeOnLoadAttributes (481ms)
				ProcessInitializeOnLoadMethodAttributes (53ms)
				AfterProcessingInitializeOnLoad (4ms)
				EditorAssembliesLoaded (0ms)
			ExecutionOrderSort2 (0ms)
			AwakeInstancesAfterBackupRestoration (4ms)
Platform modules already initialized, skipping
========================================================================
Worker process is ready to serve import requests
Launched and connected shader compiler UnityShaderCompiler.exe after 0.03 seconds
Refreshing native plugins compatible for Editor in 1.05 ms, found 4 plugins.
Preloading 0 native plugins for Editor in 0.00 ms.
Unloading 5316 Unused Serialized files (Serialized files now loaded: 0)
Unloading 42 unused Assets / (0.7 MB). Loaded Objects now: 5767.
Memory consumption went from 211.7 MB to 211.0 MB.
Total: 2.534000 ms (FindLiveObjects: 0.277500 ms CreateObjectMapping: 0.084900 ms MarkObjects: 1.945300 ms  DeleteObjects: 0.225800 ms)

AssetImportParameters requested are different than current active one (requested -> active):
  custom:video-decoder-ogg-theora: a1e56fd34408186e4bbccfd4996cb3dc -> 
  custom:container-muxer-webm: aa71ff27fc2769a1b78a27578f13a17b -> 
  custom:container-demuxer-webm: 4f35f7cbe854078d1ac9338744f61a02 -> 
  custom:video-encoder-webm-vp8: eb34c28f22e8b96e1ab97ce403110664 -> 
  custom:video-codec-MediaFoundation-h265: 746d11721c4dcdbdad8f713fa42b33f4 -> 
  custom:CustomObjectIndexerAttribute: 6b0e35c9178b02a6363f3721b7b8e397 -> 
  custom:audio-encoder-webm-vorbis: bf7c407c2cedff20999df2af8eb42d56 -> 
  custom:framework-win-MediaFoundation: 216162199b28c13a410421893ffa2e32 -> 
  custom:SearchIndexIgnoredProperties: e643bd26f0fe6173181afceb89e7c659 -> 
  custom:container-demuxer-ogg: 62fdf1f143b41e24485cea50d1cbac27 -> 
  custom:video-decoder-webm-vp8: 9c59270c3fd7afecdb556c50c9e8de78 -> 
  custom:audio-decoder-ogg-vorbis: bf7c407c2cedff20999df2af8eb42d56 -> 
========================================================================
Received Import Request.
  Time since last request: 280704.623143 seconds.
  path: Assets/Sprites/UI/playerLife1_green.png
  artifactKey: Guid(7ed058367b5dc0948a2acf012c073fcb) Importer(815301076,1909f56bfc062723c751e8b465ee728b)
Number of updated assets reloaded before import = 0
Start importing Assets/Sprites/UI/playerLife1_green.png using Guid(7ed058367b5dc0948a2acf012c073fcb) Importer(815301076,1909f56bfc062723c751e8b465ee728b)  -> (artifact id: '8bb9b20b348007e04f9e7b6e5466b49b') in 0.086477 seconds 
Number of asset objects unloaded after import = 3
========================================================================
Received Import Request.
  Time since last request: 209.642180 seconds.
  path: Assets/Sprites/UI/playerLife1_green.png
  artifactKey: Guid(7ed058367b5dc0948a2acf012c073fcb) Importer(815301076,1909f56bfc062723c751e8b465ee728b)
Number of updated assets reloaded before import = 0
Start importing Assets/Sprites/UI/playerLife1_green.png using Guid(7ed058367b5dc0948a2acf012c073fcb) Importer(815301076,1909f56bfc062723c751e8b465ee728b)  -> (artifact id: 'dddec6419fd95a3e090263598f6cd1b6') in 0.010348 seconds 
Number of asset objects unloaded after import = 3
========================================================================
Received Import Request.
  Time since last request: 33.003853 seconds.
  path: Assets/Sprites/UI/playerLife1_green.png
  artifactKey: Guid(7ed058367b5dc0948a2acf012c073fcb) Importer(815301076,1909f56bfc062723c751e8b465ee728b)
Number of updated assets reloaded before import = 0
Start importing Assets/Sprites/UI/playerLife1_green.png using Guid(7ed058367b5dc0948a2acf012c073fcb) Importer(815301076,1909f56bfc062723c751e8b465ee728b)  -> (artifact id: '4a5198a393575de2c655905ff61b4cfa') in 0.005312 seconds 
Number of asset objects unloaded after import = 3
========================================================================
Received Import Request.
  Time since last request: 20.444669 seconds.
  path: Assets/Sprites/UI/playerLife1_green.png
  artifactKey: Guid(7ed058367b5dc0948a2acf012c073fcb) Importer(815301076,1909f56bfc062723c751e8b465ee728b)
Number of updated assets reloaded before import = 0
Start importing Assets/Sprites/UI/playerLife1_green.png using Guid(7ed058367b5dc0948a2acf012c073fcb) Importer(815301076,1909f56bfc062723c751e8b465ee728b)  -> (artifact id: 'a57a9df788a4657bf714334727daf02a') in 0.004719 seconds 
Number of asset objects unloaded after import = 3
========================================================================
Received Import Request.
  Time since last request: 113.448957 seconds.
  path: Assets/Sprites/Player/playerShip1_blue.png
  artifactKey: Guid(c1ce97926a18c5e4abc313de072893bc) Importer(815301076,1909f56bfc062723c751e8b465ee728b)
Number of updated assets reloaded before import = 0
Start importing Assets/Sprites/Player/playerShip1_blue.png using Guid(c1ce97926a18c5e4abc313de072893bc) Importer(815301076,1909f56bfc062723c751e8b465ee728b)  -> (artifact id: '71050d51256a40abf06ed9b386d18f9c') in 0.018303 seconds 
Number of asset objects unloaded after import = 3
========================================================================
Received Import Request.
  Time since last request: 0.006331 seconds.
  path: Assets/Sprites/Player/playerShip2_blue.png
  artifactKey: Guid(9b0ff2e0596645e4185ba735938ff212) Importer(815301076,1909f56bfc062723c751e8b465ee728b)
Number of updated assets reloaded before import = 0
Start importing Assets/Sprites/Player/playerShip2_blue.png using Guid(9b0ff2e0596645e4185ba735938ff212) Importer(815301076,1909f56bfc062723c751e8b465ee728b)  -> (artifact id: 'd76e47d80f8152ef91f5258894c6ad67') in 0.015131 seconds 
Number of asset objects unloaded after import = 3
========================================================================
Received Import Request.
  Time since last request: 0.000014 seconds.
  path: Assets/Sprites/Player/playerShip2_orange.png
  artifactKey: Guid(a02d9a22056befd4aa44911fd8ddda15) Importer(815301076,1909f56bfc062723c751e8b465ee728b)
Number of updated assets reloaded before import = 0
Start importing Assets/Sprites/Player/playerShip2_orange.png using Guid(a02d9a22056befd4aa44911fd8ddda15) Importer(815301076,1909f56bfc062723c751e8b465ee728b)  -> (artifact id: '098cbb2e802ff3c5c0092b70759d8f0e') in 0.015421 seconds 
Number of asset objects unloaded after import = 3
========================================================================
Received Import Request.
  Time since last request: 0.000016 seconds.
  path: Assets/Sprites/Player/playerShip1_red.png
  artifactKey: Guid(16f82f57a48d27644bcaee39e4b8fd27) Importer(815301076,1909f56bfc062723c751e8b465ee728b)
Number of updated assets reloaded before import = 0
Start importing Assets/Sprites/Player/playerShip1_red.png using Guid(16f82f57a48d27644bcaee39e4b8fd27) Importer(815301076,1909f56bfc062723c751e8b465ee728b)  -> (artifact id: 'eb6992963b4170f2d1be478ef5331a7f') in 0.018557 seconds 
Number of asset objects unloaded after import = 3
========================================================================
Received Import Request.
  Time since last request: 0.000017 seconds.
  path: Assets/Sprites/Player/playerShip3_red.png
  artifactKey: Guid(a8333fea00a13d049b316caa59108159) Importer(815301076,1909f56bfc062723c751e8b465ee728b)
Number of updated assets reloaded before import = 0
Start importing Assets/Sprites/Player/playerShip3_red.png using Guid(a8333fea00a13d049b316caa59108159) Importer(815301076,1909f56bfc062723c751e8b465ee728b)  -> (artifact id: 'cd073f811cf97b8fb61209b6c7fc77d2') in 0.018096 seconds 
Number of asset objects unloaded after import = 3
========================================================================
Received Import Request.
  Time since last request: 0.000017 seconds.
  path: Assets/Sprites/Player/playerShip3_green.png
  artifactKey: Guid(eb01eb7717d722446bc6c05d639b3b5f) Importer(815301076,1909f56bfc062723c751e8b465ee728b)
Number of updated assets reloaded before import = 0
Start importing Assets/Sprites/Player/playerShip3_green.png using Guid(eb01eb7717d722446bc6c05d639b3b5f) Importer(815301076,1909f56bfc062723c751e8b465ee728b)  -> (artifact id: '21127c920cdc2627cddeec107420c33c') in 0.017721 seconds 
Number of asset objects unloaded after import = 3
========================================================================
Received Import Request.
  Time since last request: 28.579623 seconds.
  path: Assets/Sprites/Player/playerShip1_green.png
  artifactKey: Guid(4453d335c1d8377439db3c862167d89b) Importer(815301076,1909f56bfc062723c751e8b465ee728b)
Number of updated assets reloaded before import = 0
Start importing Assets/Sprites/Player/playerShip1_green.png using Guid(4453d335c1d8377439db3c862167d89b) Importer(815301076,1909f56bfc062723c751e8b465ee728b)  -> (artifact id: '504a12bb84b980cd8b3097baf9d26668') in 0.010983 seconds 
Number of asset objects unloaded after import = 3
========================================================================
Received Prepare
Registering precompiled user dll's ...
Registered in 0.004336 seconds.
Begin MonoManager ReloadAssembly
Native extension for WindowsStandalone target not found
Refreshing native plugins compatible for Editor in 1.06 ms, found 4 plugins.
Preloading 0 native plugins for Editor in 0.00 ms.
[Package Manager] Server::EnsureServerProcessIsRunning -- launch failed, reason: Unity was launched with the -noUpm command-line argument
[Package Manager] Cannot connect to Unity Package Manager local server
Mono: successfully reloaded assembly
- Completed reload, in  1.105 seconds
Domain Reload Profiling:
	ReloadAssembly (1105ms)
		BeginReloadAssembly (113ms)
			ExecutionOrderSort (0ms)
			DisableScriptedObjects (5ms)
			BackupInstance (0ms)
			ReleaseScriptingObjects (0ms)
			CreateAndSetChildDomain (33ms)
		EndReloadAssembly (928ms)
			LoadAssemblies (75ms)
			RebuildTransferFunctionScriptingTraits (0ms)
			SetupTypeCache (165ms)
			ReleaseScriptCaches (2ms)
			RebuildScriptCaches (36ms)
			SetupLoadedEditorAssemblies (634ms)
				LogAssemblyErrors (0ms)
				InitializePlatformSupportModulesInManaged (4ms)
				SetLoadedEditorAssemblies (0ms)
				RefreshPlugins (1ms)
				BeforeProcessingInitializeOnLoad (59ms)
				ProcessInitializeOnLoadAttributes (506ms)
				ProcessInitializeOnLoadMethodAttributes (59ms)
				AfterProcessingInitializeOnLoad (4ms)
				EditorAssembliesLoaded (0ms)
			ExecutionOrderSort2 (0ms)
			AwakeInstancesAfterBackupRestoration (5ms)
Platform modules already initialized, skipping
Refreshing native plugins compatible for Editor in 1.09 ms, found 4 plugins.
Preloading 0 native plugins for Editor in 0.00 ms.
Unloading 5184 Unused Serialized files (Serialized files now loaded: 0)
Unloading 31 unused Assets / (0.7 MB). Loaded Objects now: 5782.
Memory consumption went from 206.2 MB to 205.5 MB.
Total: 2.746600 ms (FindLiveObjects: 0.370000 ms CreateObjectMapping: 0.089900 ms MarkObjects: 2.068700 ms  DeleteObjects: 0.217500 ms)

AssetImportParameters requested are different than current active one (requested -> active):
  custom:video-decoder-ogg-theora: a1e56fd34408186e4bbccfd4996cb3dc -> 
  custom:container-muxer-webm: aa71ff27fc2769a1b78a27578f13a17b -> 
  custom:container-demuxer-webm: 4f35f7cbe854078d1ac9338744f61a02 -> 
  custom:video-encoder-webm-vp8: eb34c28f22e8b96e1ab97ce403110664 -> 
  custom:video-codec-MediaFoundation-h265: 746d11721c4dcdbdad8f713fa42b33f4 -> 
  custom:CustomObjectIndexerAttribute: 6b0e35c9178b02a6363f3721b7b8e397 -> 
  custom:audio-encoder-webm-vorbis: bf7c407c2cedff20999df2af8eb42d56 -> 
  custom:framework-win-MediaFoundation: 216162199b28c13a410421893ffa2e32 -> 
  custom:SearchIndexIgnoredProperties: e643bd26f0fe6173181afceb89e7c659 -> 
  custom:container-demuxer-ogg: 62fdf1f143b41e24485cea50d1cbac27 -> 
  custom:video-decoder-webm-vp8: 9c59270c3fd7afecdb556c50c9e8de78 -> 
  custom:audio-decoder-ogg-vorbis: bf7c407c2cedff20999df2af8eb42d56 -> 
========================================================================
Received Import Request.
  Time since last request: 168.044475 seconds.
  path: Assets/Scripts
  artifactKey: Guid(d281139c7f0e9bc49af7ed26e91ed9d3) Importer(815301076,1909f56bfc062723c751e8b465ee728b)
Number of updated assets reloaded before import = 0
Start importing Assets/Scripts using Guid(d281139c7f0e9bc49af7ed26e91ed9d3) Importer(815301076,1909f56bfc062723c751e8b465ee728b)  -> (artifact id: '98dfddb2dd829de0d904e1e33b1dede3') in 0.017262 seconds 
Number of asset objects unloaded after import = 0
========================================================================
Received Import Request.
  Time since last request: 9.728432 seconds.
  path: Assets/Scripts/SpaceshipController.cs
  artifactKey: Guid(7cba72d1da24a57468cbecf837b6eb0b) Importer(815301076,1909f56bfc062723c751e8b465ee728b)
Number of updated assets reloaded before import = 0
Start importing Assets/Scripts/SpaceshipController.cs using Guid(7cba72d1da24a57468cbecf837b6eb0b) Importer(815301076,1909f56bfc062723c751e8b465ee728b)  -> (artifact id: '90f9ca233af13ec2dc3a364f266af6b9') in 0.010026 seconds 
Number of asset objects unloaded after import = 0
========================================================================
Received Prepare
Registering precompiled user dll's ...
Registered in 0.004705 seconds.
Begin MonoManager ReloadAssembly
Native extension for WindowsStandalone target not found
Refreshing native plugins compatible for Editor in 0.77 ms, found 4 plugins.
Preloading 0 native plugins for Editor in 0.00 ms.
[Package Manager] Server::EnsureServerProcessIsRunning -- launch failed, reason: Unity was launched with the -noUpm command-line argument
[Package Manager] Cannot connect to Unity Package Manager local server
Mono: successfully reloaded assembly
- Completed reload, in  1.008 seconds
Domain Reload Profiling:
	ReloadAssembly (1008ms)
		BeginReloadAssembly (103ms)
			ExecutionOrderSort (0ms)
			DisableScriptedObjects (4ms)
			BackupInstance (0ms)
			ReleaseScriptingObjects (0ms)
			CreateAndSetChildDomain (31ms)
		EndReloadAssembly (849ms)
			LoadAssemblies (68ms)
			RebuildTransferFunctionScriptingTraits (0ms)
			SetupTypeCache (152ms)
			ReleaseScriptCaches (2ms)
			RebuildScriptCaches (31ms)
			SetupLoadedEditorAssemblies (579ms)
				LogAssemblyErrors (0ms)
				InitializePlatformSupportModulesInManaged (3ms)
				SetLoadedEditorAssemblies (0ms)
				RefreshPlugins (1ms)
				BeforeProcessingInitializeOnLoad (53ms)
				ProcessInitializeOnLoadAttributes (465ms)
				ProcessInitializeOnLoadMethodAttributes (52ms)
				AfterProcessingInitializeOnLoad (5ms)
				EditorAssembliesLoaded (0ms)
			ExecutionOrderSort2 (0ms)
			AwakeInstancesAfterBackupRestoration (5ms)
Platform modules already initialized, skipping
Refreshing native plugins compatible for Editor in 0.82 ms, found 4 plugins.
Preloading 0 native plugins for Editor in 0.00 ms.
Unloading 5185 Unused Serialized files (Serialized files now loaded: 0)
Unloading 31 unused Assets / (0.7 MB). Loaded Objects now: 5786.
Memory consumption went from 206.2 MB to 205.5 MB.
Total: 2.819400 ms (FindLiveObjects: 0.343800 ms CreateObjectMapping: 0.110700 ms MarkObjects: 2.131800 ms  DeleteObjects: 0.232400 ms)

AssetImportParameters requested are different than current active one (requested -> active):
  custom:video-decoder-ogg-theora: a1e56fd34408186e4bbccfd4996cb3dc -> 
  custom:container-muxer-webm: aa71ff27fc2769a1b78a27578f13a17b -> 
  custom:container-demuxer-webm: 4f35f7cbe854078d1ac9338744f61a02 -> 
  custom:video-encoder-webm-vp8: eb34c28f22e8b96e1ab97ce403110664 -> 
  custom:video-codec-MediaFoundation-h265: 746d11721c4dcdbdad8f713fa42b33f4 -> 
  custom:CustomObjectIndexerAttribute: 6b0e35c9178b02a6363f3721b7b8e397 -> 
  custom:audio-encoder-webm-vorbis: bf7c407c2cedff20999df2af8eb42d56 -> 
  custom:framework-win-MediaFoundation: 216162199b28c13a410421893ffa2e32 -> 
  custom:SearchIndexIgnoredProperties: e643bd26f0fe6173181afceb89e7c659 -> 
  custom:container-demuxer-ogg: 62fdf1f143b41e24485cea50d1cbac27 -> 
  custom:video-decoder-webm-vp8: 9c59270c3fd7afecdb556c50c9e8de78 -> 
  custom:audio-decoder-ogg-vorbis: bf7c407c2cedff20999df2af8eb42d56 -> 
========================================================================
Received Prepare
Registering precompiled user dll's ...
Registered in 0.005269 seconds.
Begin MonoManager ReloadAssembly
Native extension for WindowsStandalone target not found
Refreshing native plugins compatible for Editor in 0.69 ms, found 4 plugins.
Preloading 0 native plugins for Editor in 0.00 ms.
[Package Manager] Server::EnsureServerProcessIsRunning -- launch failed, reason: Unity was launched with the -noUpm command-line argument
[Package Manager] Cannot connect to Unity Package Manager local server
Mono: successfully reloaded assembly
- Completed reload, in  1.062 seconds
Domain Reload Profiling:
	ReloadAssembly (1062ms)
		BeginReloadAssembly (100ms)
			ExecutionOrderSort (0ms)
			DisableScriptedObjects (3ms)
			BackupInstance (0ms)
			ReleaseScriptingObjects (0ms)
			CreateAndSetChildDomain (27ms)
		EndReloadAssembly (906ms)
			LoadAssemblies (66ms)
			RebuildTransferFunctionScriptingTraits (0ms)
			SetupTypeCache (172ms)
			ReleaseScriptCaches (2ms)
			RebuildScriptCaches (37ms)
			SetupLoadedEditorAssemblies (607ms)
				LogAssemblyErrors (0ms)
				InitializePlatformSupportModulesInManaged (3ms)
				SetLoadedEditorAssemblies (0ms)
				RefreshPlugins (1ms)
				BeforeProcessingInitializeOnLoad (63ms)
				ProcessInitializeOnLoadAttributes (483ms)
				ProcessInitializeOnLoadMethodAttributes (52ms)
				AfterProcessingInitializeOnLoad (5ms)
				EditorAssembliesLoaded (0ms)
			ExecutionOrderSort2 (0ms)
			AwakeInstancesAfterBackupRestoration (5ms)
Platform modules already initialized, skipping
Refreshing native plugins compatible for Editor in 0.83 ms, found 4 plugins.
Preloading 0 native plugins for Editor in 0.00 ms.
Unloading 5185 Unused Serialized files (Serialized files now loaded: 0)
Unloading 31 unused Assets / (0.7 MB). Loaded Objects now: 5789.
Memory consumption went from 206.2 MB to 205.5 MB.
Total: 3.085400 ms (FindLiveObjects: 0.402700 ms CreateObjectMapping: 0.110800 ms MarkObjects: 2.310000 ms  DeleteObjects: 0.260900 ms)

AssetImportParameters requested are different than current active one (requested -> active):
  custom:video-decoder-ogg-theora: a1e56fd34408186e4bbccfd4996cb3dc -> 
  custom:container-muxer-webm: aa71ff27fc2769a1b78a27578f13a17b -> 
  custom:container-demuxer-webm: 4f35f7cbe854078d1ac9338744f61a02 -> 
  custom:video-encoder-webm-vp8: eb34c28f22e8b96e1ab97ce403110664 -> 
  custom:video-codec-MediaFoundation-h265: 746d11721c4dcdbdad8f713fa42b33f4 -> 
  custom:CustomObjectIndexerAttribute: 6b0e35c9178b02a6363f3721b7b8e397 -> 
  custom:audio-encoder-webm-vorbis: bf7c407c2cedff20999df2af8eb42d56 -> 
  custom:framework-win-MediaFoundation: 216162199b28c13a410421893ffa2e32 -> 
  custom:SearchIndexIgnoredProperties: e643bd26f0fe6173181afceb89e7c659 -> 
  custom:container-demuxer-ogg: 62fdf1f143b41e24485cea50d1cbac27 -> 
  custom:video-decoder-webm-vp8: 9c59270c3fd7afecdb556c50c9e8de78 -> 
  custom:audio-decoder-ogg-vorbis: bf7c407c2cedff20999df2af8eb42d56 -> 
========================================================================
Received Import Request.
  Time since last request: 476.467966 seconds.
  path: Assets/Sprites/Lasers/laserBlue01.png
  artifactKey: Guid(4f6c01475103d7a4d9500e7f25b1fd38) Importer(815301076,1909f56bfc062723c751e8b465ee728b)
Number of updated assets reloaded before import = 0
Start importing Assets/Sprites/Lasers/laserBlue01.png using Guid(4f6c01475103d7a4d9500e7f25b1fd38) Importer(815301076,1909f56bfc062723c751e8b465ee728b)  -> (artifact id: '7e44dd14c758710ff96a9a6ea1e1d953') in 0.061030 seconds 
Number of asset objects unloaded after import = 3
========================================================================
Received Import Request.
  Time since last request: 0.000019 seconds.
  path: Assets/Sprites/Lasers/laserBlue12.png
  artifactKey: Guid(7a3dbac8a8286644fb65bab06ca04d06) Importer(815301076,1909f56bfc062723c751e8b465ee728b)
Number of updated assets reloaded before import = 0
Start importing Assets/Sprites/Lasers/laserBlue12.png using Guid(7a3dbac8a8286644fb65bab06ca04d06) Importer(815301076,1909f56bfc062723c751e8b465ee728b)  -> (artifact id: '7f4921bfbabd24321cf8b9cc30afa774') in 0.014586 seconds 
Number of asset objects unloaded after import = 3
========================================================================
Received Import Request.
  Time since last request: 0.000019 seconds.
  path: Assets/Sprites/Lasers/laserRed07.png
  artifactKey: Guid(a99909cc79aa7f148876f102a3fd1e1f) Importer(815301076,1909f56bfc062723c751e8b465ee728b)
Number of updated assets reloaded before import = 0
Start importing Assets/Sprites/Lasers/laserRed07.png using Guid(a99909cc79aa7f148876f102a3fd1e1f) Importer(815301076,1909f56bfc062723c751e8b465ee728b)  -> (artifact id: '134a54da827a8e6d07cf0a22877e35a2') in 0.014564 seconds 
Number of asset objects unloaded after import = 3
========================================================================
Received Import Request.
  Time since last request: 0.000013 seconds.
  path: Assets/Sprites/Lasers/laserRed02.png
  artifactKey: Guid(8184e67129b1bed47acce97e7fe7e73b) Importer(815301076,1909f56bfc062723c751e8b465ee728b)
Number of updated assets reloaded before import = 0
Start importing Assets/Sprites/Lasers/laserRed02.png using Guid(8184e67129b1bed47acce97e7fe7e73b) Importer(815301076,1909f56bfc062723c751e8b465ee728b)  -> (artifact id: 'a90bc0553b865c03b7bffe3c838d01cb') in 0.014634 seconds 
Number of asset objects unloaded after import = 3
========================================================================
Received Import Request.
  Time since last request: 0.000017 seconds.
  path: Assets/Sprites/Lasers/laserGreen10.png
  artifactKey: Guid(7f1370c4b2825a142825e81cec5be526) Importer(815301076,1909f56bfc062723c751e8b465ee728b)
Number of updated assets reloaded before import = 0
Start importing Assets/Sprites/Lasers/laserGreen10.png using Guid(7f1370c4b2825a142825e81cec5be526) Importer(815301076,1909f56bfc062723c751e8b465ee728b)  -> (artifact id: 'e2371012ec6aa7ce41502f4e030b4722') in 0.014339 seconds 
Number of asset objects unloaded after import = 3
========================================================================
Received Import Request.
  Time since last request: 0.000071 seconds.
  path: Assets/Sprites/Lasers/laserGreen06.png
  artifactKey: Guid(4689eb1fb83e94d448bd030b77efadd1) Importer(815301076,1909f56bfc062723c751e8b465ee728b)
Number of updated assets reloaded before import = 0
Start importing Assets/Sprites/Lasers/laserGreen06.png using Guid(4689eb1fb83e94d448bd030b77efadd1) Importer(815301076,1909f56bfc062723c751e8b465ee728b)  -> (artifact id: '722966f695038691083f7be6092e51cc') in 0.014387 seconds 
Number of asset objects unloaded after import = 3
========================================================================
Received Import Request.
  Time since last request: 0.000021 seconds.
  path: Assets/Sprites/Lasers/laserRed11.png
  artifactKey: Guid(4e7d03309b1b1c2428e00c4f19edb5dd) Importer(815301076,1909f56bfc062723c751e8b465ee728b)
Number of updated assets reloaded before import = 0
Start importing Assets/Sprites/Lasers/laserRed11.png using Guid(4e7d03309b1b1c2428e00c4f19edb5dd) Importer(815301076,1909f56bfc062723c751e8b465ee728b)  -> (artifact id: '0744bbe61c002a0cd4ae0531e825ca72') in 0.016479 seconds 
Number of asset objects unloaded after import = 3
========================================================================
Received Import Request.
  Time since last request: 0.000011 seconds.
  path: Assets/Sprites/Lasers/laserGreen09.png
  artifactKey: Guid(16e09bdf33d12dc44b1ee68dc51ffe01) Importer(815301076,1909f56bfc062723c751e8b465ee728b)
Number of updated assets reloaded before import = 0
Start importing Assets/Sprites/Lasers/laserGreen09.png using Guid(16e09bdf33d12dc44b1ee68dc51ffe01) Importer(815301076,1909f56bfc062723c751e8b465ee728b)  -> (artifact id: '3fed728219784ac92bb43c29e394a581') in 0.014556 seconds 
Number of asset objects unloaded after import = 3
========================================================================
Received Import Request.
  Time since last request: 0.000016 seconds.
  path: Assets/Sprites/Lasers/laserGreen03.png
  artifactKey: Guid(d9f298e24b469e447a1bc2142bbe784e) Importer(815301076,1909f56bfc062723c751e8b465ee728b)
Number of updated assets reloaded before import = 0
Start importing Assets/Sprites/Lasers/laserGreen03.png using Guid(d9f298e24b469e447a1bc2142bbe784e) Importer(815301076,1909f56bfc062723c751e8b465ee728b)  -> (artifact id: '200ab0b3311b0a05bdad074138f2528f') in 0.025345 seconds 
Number of asset objects unloaded after import = 3
========================================================================
Received Import Request.
  Time since last request: 0.000013 seconds.
  path: Assets/Sprites/Lasers/laserBlue03.png
  artifactKey: Guid(fb04037ea562ca041bfb9e2742348fe1) Importer(815301076,1909f56bfc062723c751e8b465ee728b)
Number of updated assets reloaded before import = 0
Start importing Assets/Sprites/Lasers/laserBlue03.png using Guid(fb04037ea562ca041bfb9e2742348fe1) Importer(815301076,1909f56bfc062723c751e8b465ee728b)  -> (artifact id: '5953aa47cda27c582f723f4e555c6eb2') in 0.015173 seconds 
Number of asset objects unloaded after import = 3
========================================================================
Received Import Request.
  Time since last request: 0.000014 seconds.
  path: Assets/Sprites/Lasers/laserBlue09.png
  artifactKey: Guid(d9d38c7d59c01964a9b5635acdd17d3e) Importer(815301076,1909f56bfc062723c751e8b465ee728b)
Number of updated assets reloaded before import = 0
Start importing Assets/Sprites/Lasers/laserBlue09.png using Guid(d9d38c7d59c01964a9b5635acdd17d3e) Importer(815301076,1909f56bfc062723c751e8b465ee728b)  -> (artifact id: '1f89c7f9259d97d64b902e6350a2d640') in 0.015542 seconds 
Number of asset objects unloaded after import = 3
========================================================================
Received Import Request.
  Time since last request: 0.000014 seconds.
  path: Assets/Sprites/Lasers/laserBlue13.png
  artifactKey: Guid(da484142314b9b44097dc8bd798796c8) Importer(815301076,1909f56bfc062723c751e8b465ee728b)
Number of updated assets reloaded before import = 0
Start importing Assets/Sprites/Lasers/laserBlue13.png using Guid(da484142314b9b44097dc8bd798796c8) Importer(815301076,1909f56bfc062723c751e8b465ee728b)  -> (artifact id: 'd8fb5fedba3f8797d698d35cee0cb960') in 0.020876 seconds 
Number of asset objects unloaded after import = 3
========================================================================
Received Import Request.
  Time since last request: 0.000015 seconds.
  path: Assets/Sprites/Lasers/laserBlue11.png
  artifactKey: Guid(52b83a6ee9f239642ba82bb3a9d226ae) Importer(815301076,1909f56bfc062723c751e8b465ee728b)
Number of updated assets reloaded before import = 0
Start importing Assets/Sprites/Lasers/laserBlue11.png using Guid(52b83a6ee9f239642ba82bb3a9d226ae) Importer(815301076,1909f56bfc062723c751e8b465ee728b)  -> (artifact id: '7ff2de4162216c0387a4a8f3fb37c097') in 0.014882 seconds 
Number of asset objects unloaded after import = 3
========================================================================
Received Import Request.
  Time since last request: 0.000015 seconds.
  path: Assets/Sprites/Lasers/laserGreen14.png
  artifactKey: Guid(aad7094d34738c64cb7ee9abb81adf83) Importer(815301076,1909f56bfc062723c751e8b465ee728b)
Number of updated assets reloaded before import = 0
Start importing Assets/Sprites/Lasers/laserGreen14.png using Guid(aad7094d34738c64cb7ee9abb81adf83) Importer(815301076,1909f56bfc062723c751e8b465ee728b)  -> (artifact id: '00f4770ac43f9ffa25ba5a3d5b76e356') in 0.018453 seconds 
Number of asset objects unloaded after import = 3
========================================================================
Received Import Request.
  Time since last request: 0.000017 seconds.
  path: Assets/Sprites/Lasers/laserGreen08.png
  artifactKey: Guid(98a02e5f2a43c1b448c50be82b7fc433) Importer(815301076,1909f56bfc062723c751e8b465ee728b)
Number of updated assets reloaded before import = 0
Start importing Assets/Sprites/Lasers/laserGreen08.png using Guid(98a02e5f2a43c1b448c50be82b7fc433) Importer(815301076,1909f56bfc062723c751e8b465ee728b)  -> (artifact id: '30a41204341e252158e0a5d614d43d81') in 0.013528 seconds 
Number of asset objects unloaded after import = 3
========================================================================
Received Import Request.
  Time since last request: 0.000018 seconds.
  path: Assets/Sprites/Lasers/laserGreen11.png
  artifactKey: Guid(d70001131507c764f86784174a520395) Importer(815301076,1909f56bfc062723c751e8b465ee728b)
Number of updated assets reloaded before import = 0
Start importing Assets/Sprites/Lasers/laserGreen11.png using Guid(d70001131507c764f86784174a520395) Importer(815301076,1909f56bfc062723c751e8b465ee728b)  -> (artifact id: '7231776e4ec5246960bfc00f41a92777') in 0.014430 seconds 
Number of asset objects unloaded after import = 3
========================================================================
Received Import Request.
  Time since last request: 0.000023 seconds.
  path: Assets/Sprites/Lasers/laserRed14.png
  artifactKey: Guid(76ad6634147f6624da83fe17bd71f8e4) Importer(815301076,1909f56bfc062723c751e8b465ee728b)
Number of updated assets reloaded before import = 0
Start importing Assets/Sprites/Lasers/laserRed14.png using Guid(76ad6634147f6624da83fe17bd71f8e4) Importer(815301076,1909f56bfc062723c751e8b465ee728b)  -> (artifact id: 'ae5f28bbe051393b76f35b26b1bffe4a') in 0.016141 seconds 
Number of asset objects unloaded after import = 3
========================================================================
Received Import Request.
  Time since last request: 0.000013 seconds.
  path: Assets/Sprites/Lasers/laserBlue10.png
  artifactKey: Guid(d63cdb30b5ec628408e224e7a87c5788) Importer(815301076,1909f56bfc062723c751e8b465ee728b)
Number of updated assets reloaded before import = 0
Start importing Assets/Sprites/Lasers/laserBlue10.png using Guid(d63cdb30b5ec628408e224e7a87c5788) Importer(815301076,1909f56bfc062723c751e8b465ee728b)  -> (artifact id: 'd041a8d1c2f8dcb64132eb303284cfdd') in 0.014927 seconds 
Number of asset objects unloaded after import = 3
========================================================================
Received Import Request.
  Time since last request: 0.000014 seconds.
  path: Assets/Sprites/Lasers/laserBlue05.png
  artifactKey: Guid(1187f1f5cf1606546a019c4e7097663a) Importer(815301076,1909f56bfc062723c751e8b465ee728b)
Number of updated assets reloaded before import = 0
Start importing Assets/Sprites/Lasers/laserBlue05.png using Guid(1187f1f5cf1606546a019c4e7097663a) Importer(815301076,1909f56bfc062723c751e8b465ee728b)  -> (artifact id: 'f9ba6887b7f73ee6e1b9091eba9051b7') in 0.013930 seconds 
Number of asset objects unloaded after import = 3
========================================================================
Received Import Request.
  Time since last request: 0.000014 seconds.
  path: Assets/Sprites/Lasers/laserRed08.png
  artifactKey: Guid(fcef56d7e84aa6046a6b74cfc24c1c1d) Importer(815301076,1909f56bfc062723c751e8b465ee728b)
Number of updated assets reloaded before import = 0
Start importing Assets/Sprites/Lasers/laserRed08.png using Guid(fcef56d7e84aa6046a6b74cfc24c1c1d) Importer(815301076,1909f56bfc062723c751e8b465ee728b)  -> (artifact id: 'ba2255ae5edfde6c53856db307c3d607') in 0.015710 seconds 
Number of asset objects unloaded after import = 3
========================================================================
Received Import Request.
  Time since last request: 0.000013 seconds.
  path: Assets/Sprites/Lasers/laserRed03.png
  artifactKey: Guid(e1881b3c78e289e44b610ab5fcaaf249) Importer(815301076,1909f56bfc062723c751e8b465ee728b)
Number of updated assets reloaded before import = 0
Start importing Assets/Sprites/Lasers/laserRed03.png using Guid(e1881b3c78e289e44b610ab5fcaaf249) Importer(815301076,1909f56bfc062723c751e8b465ee728b)  -> (artifact id: '4cb0ca889701dbb5bb5c854739e696c3') in 0.014803 seconds 
Number of asset objects unloaded after import = 3
========================================================================
Received Import Request.
  Time since last request: 0.000015 seconds.
  path: Assets/Sprites/Lasers/laserRed06.png
  artifactKey: Guid(a937058fe5ef5e24f8fc01692b3bfe44) Importer(815301076,1909f56bfc062723c751e8b465ee728b)
Number of updated assets reloaded before import = 0
Start importing Assets/Sprites/Lasers/laserRed06.png using Guid(a937058fe5ef5e24f8fc01692b3bfe44) Importer(815301076,1909f56bfc062723c751e8b465ee728b)  -> (artifact id: '70e86ef9a6a251b7eb73131851aaa1fa') in 0.014540 seconds 
Number of asset objects unloaded after import = 3
========================================================================
Received Import Request.
  Time since last request: 0.000016 seconds.
  path: Assets/Sprites/Lasers/laserRed09.png
  artifactKey: Guid(43f5bf742e2d80047976bfbf587fac84) Importer(815301076,1909f56bfc062723c751e8b465ee728b)
Number of updated assets reloaded before import = 0
Start importing Assets/Sprites/Lasers/laserRed09.png using Guid(43f5bf742e2d80047976bfbf587fac84) Importer(815301076,1909f56bfc062723c751e8b465ee728b)  -> (artifact id: 'b9b8ab463e0413e942192e23e7a08d25') in 0.016151 seconds 
Number of asset objects unloaded after import = 3
========================================================================
Received Import Request.
  Time since last request: 0.000012 seconds.
  path: Assets/Sprites/Lasers/laserBlue15.png
  artifactKey: Guid(6824cfd2e6b831040a88e2503c4915db) Importer(815301076,1909f56bfc062723c751e8b465ee728b)
Number of updated assets reloaded before import = 0
Start importing Assets/Sprites/Lasers/laserBlue15.png using Guid(6824cfd2e6b831040a88e2503c4915db) Importer(815301076,1909f56bfc062723c751e8b465ee728b)  -> (artifact id: 'befb8b572f3bafe4eb8447d71f40d2fa') in 0.018343 seconds 
Number of asset objects unloaded after import = 3
========================================================================
Received Import Request.
  Time since last request: 0.000016 seconds.
  path: Assets/Sprites/Lasers/laserRed01.png
  artifactKey: Guid(17a8a6df73cd58a4a89a79511dd07185) Importer(815301076,1909f56bfc062723c751e8b465ee728b)
Number of updated assets reloaded before import = 0
Start importing Assets/Sprites/Lasers/laserRed01.png using Guid(17a8a6df73cd58a4a89a79511dd07185) Importer(815301076,1909f56bfc062723c751e8b465ee728b)  -> (artifact id: '016ec678e7b4ccdf7554882d43c36c3e') in 0.016033 seconds 
Number of asset objects unloaded after import = 3
========================================================================
Received Import Request.
  Time since last request: 0.000016 seconds.
  path: Assets/Sprites/Lasers/laserBlue14.png
  artifactKey: Guid(d3d69f83da978254c925bfc7c5e1fc7b) Importer(815301076,1909f56bfc062723c751e8b465ee728b)
Number of updated assets reloaded before import = 0
Start importing Assets/Sprites/Lasers/laserBlue14.png using Guid(d3d69f83da978254c925bfc7c5e1fc7b) Importer(815301076,1909f56bfc062723c751e8b465ee728b)  -> (artifact id: '7dbcb53eaa233b70b4f34d1eb18cc516') in 0.016105 seconds 
Number of asset objects unloaded after import = 3
